c:\users\theunholygod\documents\school\year 1 semester 2\computer graphics\assignment 3\comg framework\comg\release\vc120.pdb
c:\users\theunholygod\documents\school\year 1 semester 2\computer graphics\assignment 3\comg framework\comg\release\utility.obj
c:\users\theunholygod\documents\school\year 1 semester 2\computer graphics\assignment 3\comg framework\comg\release\shader.obj
c:\users\theunholygod\documents\school\year 1 semester 2\computer graphics\assignment 3\comg framework\comg\release\scenemodel.obj
c:\users\theunholygod\documents\school\year 1 semester 2\computer graphics\assignment 3\comg framework\comg\release\meshbuilder.obj
c:\users\theunholygod\documents\school\year 1 semester 2\computer graphics\assignment 3\comg framework\comg\release\mesh.obj
c:\users\theunholygod\documents\school\year 1 semester 2\computer graphics\assignment 3\comg framework\comg\release\main.obj
c:\users\theunholygod\documents\school\year 1 semester 2\computer graphics\assignment 3\comg framework\comg\release\loadtga.obj
c:\users\theunholygod\documents\school\year 1 semester 2\computer graphics\assignment 3\comg framework\comg\release\loadobj.obj
c:\users\theunholygod\documents\school\year 1 semester 2\computer graphics\assignment 3\comg framework\comg\release\camera3.obj
c:\users\theunholygod\documents\school\year 1 semester 2\computer graphics\assignment 3\comg framework\comg\release\camera2.obj
c:\users\theunholygod\documents\school\year 1 semester 2\computer graphics\assignment 3\comg framework\comg\release\camera.obj
c:\users\theunholygod\documents\school\year 1 semester 2\computer graphics\assignment 3\comg framework\comg\release\application.obj
c:\users\theunholygod\documents\school\year 1 semester 2\computer graphics\assignment 3\comg framework\comg\release\vc140.pdb
c:\users\theunholygod\documents\school\year 1 semester 2\computer graphics\assignment 3\comg framework\comg\release\sceneui.obj
c:\users\theunholygod\documents\school\year 1 semester 2\computer graphics\assignment 3\comg framework\comg\release\scenemanager.obj
c:\users\theunholygod\documents\school\year 1 semester 2\studio project 2\comg framework\comg\release\vc120.pdb
c:\users\theunholygod\documents\school\year 1 semester 2\studio project 2\comg framework\comg\release\utility.obj
c:\users\theunholygod\documents\school\year 1 semester 2\studio project 2\comg framework\comg\release\shader.obj
c:\users\theunholygod\documents\school\year 1 semester 2\studio project 2\comg framework\comg\release\sceneui.obj
c:\users\theunholygod\documents\school\year 1 semester 2\studio project 2\comg framework\comg\release\scenemodel.obj
c:\users\theunholygod\documents\school\year 1 semester 2\studio project 2\comg framework\comg\release\scenemanager.obj
c:\users\theunholygod\documents\school\year 1 semester 2\studio project 2\comg framework\comg\release\meshbuilder.obj
c:\users\theunholygod\documents\school\year 1 semester 2\studio project 2\comg framework\comg\release\mesh.obj
c:\users\theunholygod\documents\school\year 1 semester 2\studio project 2\comg framework\comg\release\main.obj
c:\users\theunholygod\documents\school\year 1 semester 2\studio project 2\comg framework\comg\release\loadtga.obj
c:\users\theunholygod\documents\school\year 1 semester 2\studio project 2\comg framework\comg\release\loadobj.obj
c:\users\theunholygod\documents\school\year 1 semester 2\studio project 2\comg framework\comg\release\camera3.obj
c:\users\theunholygod\documents\school\year 1 semester 2\studio project 2\comg framework\comg\release\camera2.obj
c:\users\theunholygod\documents\school\year 1 semester 2\studio project 2\comg framework\comg\release\camera.obj
c:\users\theunholygod\documents\school\year 1 semester 2\studio project 2\comg framework\comg\release\application.obj
c:\users\theunholygod\documents\school\year 1 semester 2\computer graphics\assignment 3\comg framework\release\comg.exe
c:\users\theunholygod\documents\school\year 1 semester 2\computer graphics\assignment 3\comg framework\release\comg.pdb
c:\users\theunholygod\documents\school\year 1 semester 2\studio project 2\comg framework\release\comg.exe
c:\users\theunholygod\documents\school\year 1 semester 2\studio project 2\comg framework\release\comg.pdb
c:\users\theunholygod\documents\school\year 1 semester 2\studio project 2\comg framework\comg\release\vc140.pdb
c:\users\theunholygod\documents\school\year 1 semester 2\studio project 2\comg framework\comg\release\comg.tlog\cl.command.1.tlog
c:\users\theunholygod\documents\school\year 1 semester 2\studio project 2\comg framework\comg\release\comg.tlog\cl.read.1.tlog
c:\users\theunholygod\documents\school\year 1 semester 2\studio project 2\comg framework\comg\release\comg.tlog\cl.write.1.tlog
c:\users\theunholygod\documents\school\year 1 semester 2\studio project 2\comg framework\comg\release\comg.tlog\link.command.1.tlog
c:\users\theunholygod\documents\school\year 1 semester 2\studio project 2\comg framework\comg\release\comg.tlog\link.read.1.tlog
c:\users\theunholygod\documents\school\year 1 semester 2\studio project 2\comg framework\comg\release\comg.tlog\link.write.1.tlog
