c:\users\theunholygod\documents\school\year 1 semester 2\computer graphics\assignment 3\comg framework\common\release\vc120.pdb
c:\users\theunholygod\documents\school\year 1 semester 2\computer graphics\assignment 3\comg framework\common\release\vector3.obj
c:\users\theunholygod\documents\school\year 1 semester 2\computer graphics\assignment 3\comg framework\common\release\timer.obj
c:\users\theunholygod\documents\school\year 1 semester 2\computer graphics\assignment 3\comg framework\common\release\mtx44.obj
c:\users\theunholygod\documents\school\year 1 semester 2\computer graphics\assignment 3\comg framework\common\release\matrixstack.obj
c:\users\theunholygod\documents\school\year 1 semester 2\computer graphics\assignment 3\comg framework\common\release\common.pdb
c:\users\theunholygod\documents\school\year 1 semester 2\studio project 2\comg framework\common\release\vc120.pdb
c:\users\theunholygod\documents\school\year 1 semester 2\studio project 2\comg framework\common\release\vector3.obj
c:\users\theunholygod\documents\school\year 1 semester 2\studio project 2\comg framework\common\release\timer.obj
c:\users\theunholygod\documents\school\year 1 semester 2\studio project 2\comg framework\common\release\mtx44.obj
c:\users\theunholygod\documents\school\year 1 semester 2\studio project 2\comg framework\common\release\matrixstack.obj
c:\users\theunholygod\documents\school\year 1 semester 2\computer graphics\assignment 3\comg framework\release\common.lib
c:\users\theunholygod\documents\school\year 1 semester 2\studio project 2\comg framework\release\common.lib
c:\users\theunholygod\documents\school\year 1 semester 2\studio project 2\comg framework\common\release\common.pdb
c:\users\theunholygod\documents\school\year 1 semester 2\studio project 2\comg framework\common\release\common.tlog\cl.command.1.tlog
c:\users\theunholygod\documents\school\year 1 semester 2\studio project 2\comg framework\common\release\common.tlog\cl.read.1.tlog
c:\users\theunholygod\documents\school\year 1 semester 2\studio project 2\comg framework\common\release\common.tlog\cl.write.1.tlog
c:\users\theunholygod\documents\school\year 1 semester 2\studio project 2\comg framework\common\release\common.tlog\lib-link.read.1.tlog
c:\users\theunholygod\documents\school\year 1 semester 2\studio project 2\comg framework\common\release\common.tlog\lib-link.write.1.tlog
c:\users\theunholygod\documents\school\year 1 semester 2\studio project 2\comg framework\common\release\common.tlog\lib.command.1.tlog
