c:\users\hsy00\desktop\sch\sem2\sp2\new folder\comg framework\comg\debug\vc120.pdb
c:\users\hsy00\desktop\sch\sem2\sp2\new folder\comg framework\comg\debug\vc120.idb
c:\users\hsy00\desktop\sch\sem2\sp2\new folder\comg framework\comg\debug\scenecity.obj
c:\users\hsy00\desktop\sch\sem2\sp2\new folder\comg framework\comg\debug\scenemainmenu.obj
c:\users\hsy00\desktop\sch\sem2\sp2\new folder\comg framework\comg\debug\scenemanager.obj
c:\users\hsy00\desktop\sch\sem2\sp2\new folder\comg framework\comg\debug\scenesplashscreen.obj
c:\users\hsy00\desktop\sch\sem2\sp2\new folder\comg framework\comg\debug\scenetest.obj
c:\users\hsy00\desktop\sch\sem2\sp2\new folder\comg framework\comg\debug\sceneui.obj
c:\users\hsy00\desktop\sch\sem2\sp2\new folder\comg framework\comg\debug\scenewildlife.obj
c:\users\hsy00\desktop\sch\sem2\sp2\new folder\comg framework\comg\debug\shader.obj
c:\users\hsy00\desktop\sch\sem2\sp2\new folder\comg framework\comg\debug\stone.obj
c:\users\hsy00\desktop\sch\sem2\sp2\new folder\comg framework\comg\debug\teleporting.obj
c:\users\hsy00\desktop\sch\sem2\sp2\new folder\comg framework\comg\debug\tilledsoil.obj
c:\users\hsy00\desktop\sch\sem2\sp2\new folder\comg framework\comg\debug\trophyroom.obj
c:\users\hsy00\desktop\sch\sem2\sp2\new folder\comg framework\comg\debug\utility.obj
c:\users\hsy00\desktop\sch\sem2\sp2\new folder\comg framework\comg\debug\vegetablestew.obj
c:\users\hsy00\desktop\sch\sem2\sp2\new folder\comg framework\comg\debug\water.obj
c:\users\hsy00\desktop\sch\sem2\sp2\new folder\comg framework\comg\debug\waterwell.obj
c:\users\hsy00\desktop\sch\sem2\sp2\new folder\comg framework\comg\debug\weapon.obj
c:\users\hsy00\desktop\sch\sem2\sp2\new folder\comg framework\comg\debug\wheat.obj
c:\users\hsy00\desktop\sch\sem2\sp2\new folder\comg framework\comg\debug\wildboar.obj
c:\users\hsy00\desktop\sch\sem2\sp2\new folder\comg framework\comg\debug\wood.obj
c:\users\hsy00\desktop\sch\sem2\sp2\new folder\comg framework\comg\debug\meshbuilder.obj
c:\users\hsy00\desktop\sch\sem2\sp2\new folder\comg framework\comg\debug\metalscraps.obj
c:\users\hsy00\desktop\sch\sem2\sp2\new folder\comg framework\comg\debug\molerat.obj
c:\users\hsy00\desktop\sch\sem2\sp2\new folder\comg framework\comg\debug\npchouse.obj
c:\users\hsy00\desktop\sch\sem2\sp2\new folder\comg framework\comg\debug\oremines.obj
c:\users\hsy00\desktop\sch\sem2\sp2\new folder\comg framework\comg\debug\patrolbot.obj
c:\users\hsy00\desktop\sch\sem2\sp2\new folder\comg framework\comg\debug\menu.obj
c:\users\hsy00\desktop\sch\sem2\sp2\new folder\comg framework\comg\debug\player.obj
c:\users\hsy00\desktop\sch\sem2\sp2\new folder\comg framework\comg\debug\potato.obj
c:\users\hsy00\desktop\sch\sem2\sp2\new folder\comg framework\comg\debug\powergenerator.obj
c:\users\hsy00\desktop\sch\sem2\sp2\new folder\comg framework\comg\debug\projectile.obj
c:\users\hsy00\desktop\sch\sem2\sp2\new folder\comg framework\comg\debug\radioactive.obj
c:\users\hsy00\desktop\sch\sem2\sp2\new folder\comg framework\comg\debug\renderer.obj
c:\users\hsy00\desktop\sch\sem2\sp2\new folder\comg framework\comg\debug\resources.obj
c:\users\hsy00\desktop\sch\sem2\sp2\new folder\comg framework\comg\debug\roguemech.obj
c:\users\hsy00\desktop\sch\sem2\sp2\new folder\comg framework\comg\debug\salad.obj
c:\users\hsy00\desktop\sch\sem2\sp2\new folder\comg framework\comg\debug\saveload.obj
c:\users\hsy00\desktop\sch\sem2\sp2\new folder\comg framework\comg\debug\scar-h.obj
c:\users\hsy00\desktop\sch\sem2\sp2\new folder\comg framework\comg\debug\scarecrow_mech.obj
c:\users\hsy00\desktop\sch\sem2\sp2\new folder\comg framework\comg\debug\scenebase.obj
c:\users\hsy00\desktop\sch\sem2\sp2\new folder\comg framework\comg\debug\gameobject.obj
c:\users\hsy00\desktop\sch\sem2\sp2\new folder\comg framework\comg\debug\glock_17c.obj
c:\users\hsy00\desktop\sch\sem2\sp2\new folder\comg framework\comg\debug\goat.obj
c:\users\hsy00\desktop\sch\sem2\sp2\new folder\comg framework\comg\debug\gold.obj
c:\users\hsy00\desktop\sch\sem2\sp2\new folder\comg framework\comg\debug\inventory.obj
c:\users\hsy00\desktop\sch\sem2\sp2\new folder\comg framework\comg\debug\inventorywarehouse.obj
c:\users\hsy00\desktop\sch\sem2\sp2\new folder\comg framework\comg\debug\iron.obj
c:\users\hsy00\desktop\sch\sem2\sp2\new folder\comg framework\comg\debug\item.obj
c:\users\hsy00\desktop\sch\sem2\sp2\new folder\comg framework\comg\debug\itemdatabase.obj
c:\users\hsy00\desktop\sch\sem2\sp2\new folder\comg framework\comg\debug\itemfactory.obj
c:\users\hsy00\desktop\sch\sem2\sp2\new folder\comg framework\comg\debug\katana_sword.obj
c:\users\hsy00\desktop\sch\sem2\sp2\new folder\comg framework\comg\debug\kitchen_knife.obj
c:\users\hsy00\desktop\sch\sem2\sp2\new folder\comg framework\comg\debug\lighting.obj
c:\users\hsy00\desktop\sch\sem2\sp2\new folder\comg framework\comg\debug\lizard.obj
c:\users\hsy00\desktop\sch\sem2\sp2\new folder\comg framework\comg\debug\loadatom.obj
c:\users\hsy00\desktop\sch\sem2\sp2\new folder\comg framework\comg\debug\loadobj.obj
c:\users\hsy00\desktop\sch\sem2\sp2\new folder\comg framework\comg\debug\loadtga.obj
c:\users\hsy00\desktop\sch\sem2\sp2\new folder\comg framework\comg\debug\m200_cheytac_intervention.obj
c:\users\hsy00\desktop\sch\sem2\sp2\new folder\comg framework\comg\debug\main.obj
c:\users\hsy00\desktop\sch\sem2\sp2\new folder\comg framework\comg\debug\mesh.obj
c:\users\hsy00\desktop\sch\sem2\sp2\new folder\comg framework\comg\debug\centipede.obj
c:\users\hsy00\desktop\sch\sem2\sp2\new folder\comg framework\comg\debug\circuitboards.obj
c:\users\hsy00\desktop\sch\sem2\sp2\new folder\comg framework\comg\debug\cloth.obj
c:\users\hsy00\desktop\sch\sem2\sp2\new folder\comg framework\comg\debug\collision.obj
c:\users\hsy00\desktop\sch\sem2\sp2\new folder\comg framework\comg\debug\compound_bow.obj
c:\users\hsy00\desktop\sch\sem2\sp2\new folder\comg framework\comg\debug\copper.obj
c:\users\hsy00\desktop\sch\sem2\sp2\new folder\comg framework\comg\debug\corrosive.obj
c:\users\hsy00\desktop\sch\sem2\sp2\new folder\comg framework\comg\debug\crafting.obj
c:\users\hsy00\desktop\sch\sem2\sp2\new folder\comg framework\comg\debug\cybordmutt.obj
c:\users\hsy00\desktop\sch\sem2\sp2\new folder\comg framework\comg\debug\deer.obj
c:\users\hsy00\desktop\sch\sem2\sp2\new folder\comg framework\comg\debug\defencetower.obj
c:\users\hsy00\desktop\sch\sem2\sp2\new folder\comg framework\comg\debug\defensivewalls.obj
c:\users\hsy00\desktop\sch\sem2\sp2\new folder\comg framework\comg\debug\drinkingwater.obj
c:\users\hsy00\desktop\sch\sem2\sp2\new folder\comg framework\comg\debug\drone.obj
c:\users\hsy00\desktop\sch\sem2\sp2\new folder\comg framework\comg\debug\enemy.obj
c:\users\hsy00\desktop\sch\sem2\sp2\new folder\comg framework\comg\debug\enemydatabase.obj
c:\users\hsy00\desktop\sch\sem2\sp2\new folder\comg framework\comg\debug\enemyfactory.obj
c:\users\hsy00\desktop\sch\sem2\sp2\new folder\comg framework\comg\debug\farming_hoe.obj
c:\users\hsy00\desktop\sch\sem2\sp2\new folder\comg framework\comg\debug\fasttravelroom.obj
c:\users\hsy00\desktop\sch\sem2\sp2\new folder\comg framework\comg\debug\food.obj
c:\users\hsy00\desktop\sch\sem2\sp2\new folder\comg framework\comg\debug\ability.obj
c:\users\hsy00\desktop\sch\sem2\sp2\new folder\comg framework\comg\debug\abilitydatabase.obj
c:\users\hsy00\desktop\sch\sem2\sp2\new folder\comg framework\comg\debug\acrid_plant.obj
c:\users\hsy00\desktop\sch\sem2\sp2\new folder\comg framework\comg\debug\adhesives.obj
c:\users\hsy00\desktop\sch\sem2\sp2\new folder\comg framework\comg\debug\ant_hill.obj
c:\users\hsy00\desktop\sch\sem2\sp2\new folder\comg framework\comg\debug\application.obj
c:\users\hsy00\desktop\sch\sem2\sp2\new folder\comg framework\comg\debug\barn.obj
c:\users\hsy00\desktop\sch\sem2\sp2\new folder\comg framework\comg\debug\biomass.obj
c:\users\hsy00\desktop\sch\sem2\sp2\new folder\comg framework\comg\debug\bread.obj
c:\users\hsy00\desktop\sch\sem2\sp2\new folder\comg framework\comg\debug\building.obj
c:\users\hsy00\desktop\sch\sem2\sp2\new folder\comg framework\comg\debug\buildingdatabase.obj
c:\users\hsy00\desktop\sch\sem2\sp2\new folder\comg framework\comg\debug\buildingfactory.obj
c:\users\hsy00\desktop\sch\sem2\sp2\new folder\comg framework\comg\debug\burrowing.obj
c:\users\hsy00\desktop\sch\sem2\sp2\new folder\comg framework\comg\debug\cabbage.obj
c:\users\hsy00\desktop\sch\sem2\sp2\new folder\comg framework\comg\debug\camera.obj
c:\users\hsy00\desktop\sch\sem2\sp2\new folder\comg framework\comg\debug\camera2.obj
c:\users\hsy00\desktop\sch\sem2\sp2\new folder\comg framework\comg\debug\camera3.obj
c:\users\hsy00\desktop\sch\sem2\sp2\new folder\comg framework\comg\debug\camera4.obj
c:\users\hsy00\desktop\sch\sem2\sp2\new folder\comg framework\comg\debug\carrot.obj
c:\users\hsy00\desktop\sch\sem2\sp2\new folder\comg framework\comg\debug\carrotjuice.obj
c:\users\hsy00\desktop\sch\sem2\sp2\new folder\comg framework\debug\comg.ilk
c:\users\hsy00\desktop\sch\sem2\sp2\new folder\comg framework\debug\comg.exe
c:\users\hsy00\desktop\sch\sem2\sp2\new folder\comg framework\debug\comg.pdb
c:\users\hsy00\desktop\sch\sem2\sp2\new folder\comg framework\comg\debug\comg.tlog\cl.command.1.tlog
c:\users\hsy00\desktop\sch\sem2\sp2\new folder\comg framework\comg\debug\comg.tlog\cl.read.1.tlog
c:\users\hsy00\desktop\sch\sem2\sp2\new folder\comg framework\comg\debug\comg.tlog\cl.write.1.tlog
c:\users\hsy00\desktop\sch\sem2\sp2\new folder\comg framework\comg\debug\comg.tlog\link.command.1.tlog
c:\users\hsy00\desktop\sch\sem2\sp2\new folder\comg framework\comg\debug\comg.tlog\link.read.1.tlog
c:\users\hsy00\desktop\sch\sem2\sp2\new folder\comg framework\comg\debug\comg.tlog\link.write.1.tlog
